INFO    : PreTeXt project found in `/Users/dz00762/Documents/PreTeXt Projects/ENGS28Guide`.
INFO    : Using latest build located in `/Users/dz00762/Documents/PreTeXt Projects/ENGS28Guide/output/web`.
INFO    : 
INFO    : Preparing to deploy from active `main` git branch.
INFO    : 
INFO    : Committing your latest build to the `gh-pages` branch.
INFO    : 
INFO    : Attempting to connect to remote repository at `git@github.com:petraBT/ENGS28Guide.git`...
INFO    : 
INFO    : 
INFO    : Latest build successfully pushed to GitHub!
INFO    : 
INFO    : To enable GitHub Pages, visit
INFO    :     https://github.com/petraBT/ENGS28Guide/settings/pages
INFO    : selecting the `gh-pages` branch with the `/ (root)` folder.
INFO    : 
INFO    : Visit
INFO    :     https://github.com/petraBT/ENGS28Guide/actions/
INFO    : to check on the status of your GitHub Pages deployment.
INFO    : 
INFO    : Your built project will soon be available to the public at:
INFO    :     https://petraBT.github.io/ENGS28Guide/
